This is pdfTeX, Version 3.1415926-1.40.10 (TeX Live 2009) (format=pdflatex 2010.5.10)  24 NOV 2011 08:08
entering extended mode
 \write18 enabled.
 %&-line parsing enabled.
**Rapport.tex
(./Rapport.tex
LaTeX2e <2009/09/24>
Babel <v3.8l> and hyphenation patterns for english, usenglishmax, dumylang, noh
yphenation, german-x-2009-06-19, ngerman-x-2009-06-19, ancientgreek, ibycus, ar
abic, basque, bulgarian, catalan, pinyin, coptic, croatian, czech, danish, dutc
h, esperanto, estonian, farsi, finnish, french, galician, german, ngerman, mono
greek, greek, hungarian, icelandic, indonesian, interlingua, irish, italian, ku
rmanji, latin, latvian, lithuanian, mongolian, mongolian2a, bokmal, nynorsk, po
lish, portuguese, romanian, russian, sanskrit, serbian, slovak, slovenian, span
ish, swedish, turkish, ukenglish, ukrainian, uppersorbian, welsh, loaded.
(/usr/local/texlive/2009/texmf-dist/tex/latex/base/article.cls
Document Class: article 2007/10/19 v1.4h Standard LaTeX document class
(/usr/local/texlive/2009/texmf-dist/tex/latex/base/size11.clo
File: size11.clo 2007/10/19 v1.4h Standard LaTeX file (size option)
)
\c@part=\count79
\c@section=\count80
\c@subsection=\count81
\c@subsubsection=\count82
\c@paragraph=\count83
\c@subparagraph=\count84
\c@figure=\count85
\c@table=\count86
\abovecaptionskip=\skip41
\belowcaptionskip=\skip42
\bibindent=\dimen102
)
(/usr/local/texlive/2009/texmf-dist/tex/latex/base/fontenc.sty
Package: fontenc 2005/09/27 v1.99g Standard LaTeX package

(/usr/local/texlive/2009/texmf-dist/tex/latex/base/t1enc.def
File: t1enc.def 2005/09/27 v1.99g Standard LaTeX file
LaTeX Font Info:    Redeclaring font encoding T1 on input line 43.
))
(/usr/local/texlive/2009/texmf-dist/tex/latex/lm/lmodern.sty
Package: lmodern 2009/10/30 v1.6 Latin Modern Fonts
LaTeX Font Info:    Overwriting symbol font `operators' in version `normal'
(Font)                  OT1/cmr/m/n --> OT1/lmr/m/n on input line 22.
LaTeX Font Info:    Overwriting symbol font `letters' in version `normal'
(Font)                  OML/cmm/m/it --> OML/lmm/m/it on input line 23.
LaTeX Font Info:    Overwriting symbol font `symbols' in version `normal'
(Font)                  OMS/cmsy/m/n --> OMS/lmsy/m/n on input line 24.
LaTeX Font Info:    Overwriting symbol font `largesymbols' in version `normal'
(Font)                  OMX/cmex/m/n --> OMX/lmex/m/n on input line 25.
LaTeX Font Info:    Overwriting symbol font `operators' in version `bold'
(Font)                  OT1/cmr/bx/n --> OT1/lmr/bx/n on input line 26.
LaTeX Font Info:    Overwriting symbol font `letters' in version `bold'
(Font)                  OML/cmm/b/it --> OML/lmm/b/it on input line 27.
LaTeX Font Info:    Overwriting symbol font `symbols' in version `bold'
(Font)                  OMS/cmsy/b/n --> OMS/lmsy/b/n on input line 28.
LaTeX Font Info:    Overwriting symbol font `largesymbols' in version `bold'
(Font)                  OMX/cmex/m/n --> OMX/lmex/m/n on input line 29.
LaTeX Font Info:    Overwriting math alphabet `\mathbf' in version `normal'
(Font)                  OT1/cmr/bx/n --> OT1/lmr/bx/n on input line 31.
LaTeX Font Info:    Overwriting math alphabet `\mathsf' in version `normal'
(Font)                  OT1/cmss/m/n --> OT1/lmss/m/n on input line 32.
LaTeX Font Info:    Overwriting math alphabet `\mathit' in version `normal'
(Font)                  OT1/cmr/m/it --> OT1/lmr/m/it on input line 33.
LaTeX Font Info:    Overwriting math alphabet `\mathtt' in version `normal'
(Font)                  OT1/cmtt/m/n --> OT1/lmtt/m/n on input line 34.
LaTeX Font Info:    Overwriting math alphabet `\mathbf' in version `bold'
(Font)                  OT1/cmr/bx/n --> OT1/lmr/bx/n on input line 35.
LaTeX Font Info:    Overwriting math alphabet `\mathsf' in version `bold'
(Font)                  OT1/cmss/bx/n --> OT1/lmss/bx/n on input line 36.
LaTeX Font Info:    Overwriting math alphabet `\mathit' in version `bold'
(Font)                  OT1/cmr/bx/it --> OT1/lmr/bx/it on input line 37.
LaTeX Font Info:    Overwriting math alphabet `\mathtt' in version `bold'
(Font)                  OT1/cmtt/m/n --> OT1/lmtt/m/n on input line 38.
)
(/usr/local/texlive/2009/texmf-dist/tex/latex/amsmath/amsmath.sty
Package: amsmath 2000/07/18 v2.13 AMS math features
\@mathmargin=\skip43

For additional information on amsmath, use the `?' option.
(/usr/local/texlive/2009/texmf-dist/tex/latex/amsmath/amstext.sty
Package: amstext 2000/06/29 v2.01

(/usr/local/texlive/2009/texmf-dist/tex/latex/amsmath/amsgen.sty
File: amsgen.sty 1999/11/30 v2.0
\@emptytoks=\toks14
\ex@=\dimen103
))
(/usr/local/texlive/2009/texmf-dist/tex/latex/amsmath/amsbsy.sty
Package: amsbsy 1999/11/29 v1.2d
\pmbraise@=\dimen104
)
(/usr/local/texlive/2009/texmf-dist/tex/latex/amsmath/amsopn.sty
Package: amsopn 1999/12/14 v2.01 operator names
)
\inf@bad=\count87
LaTeX Info: Redefining \frac on input line 211.
\uproot@=\count88
\leftroot@=\count89
LaTeX Info: Redefining \overline on input line 307.
\classnum@=\count90
\DOTSCASE@=\count91
LaTeX Info: Redefining \ldots on input line 379.
LaTeX Info: Redefining \dots on input line 382.
LaTeX Info: Redefining \cdots on input line 467.
\Mathstrutbox@=\box26
\strutbox@=\box27
\big@size=\dimen105
LaTeX Font Info:    Redeclaring font encoding OML on input line 567.
LaTeX Font Info:    Redeclaring font encoding OMS on input line 568.
\macc@depth=\count92
\c@MaxMatrixCols=\count93
\dotsspace@=\muskip10
\c@parentequation=\count94
\dspbrk@lvl=\count95
\tag@help=\toks15
\row@=\count96
\column@=\count97
\maxfields@=\count98
\andhelp@=\toks16
\eqnshift@=\dimen106
\alignsep@=\dimen107
\tagshift@=\dimen108
\tagwidth@=\dimen109
\totwidth@=\dimen110
\lineht@=\dimen111
\@envbody=\toks17
\multlinegap=\skip44
\multlinetaggap=\skip45
\mathdisplay@stack=\toks18
LaTeX Info: Redefining \[ on input line 2666.
LaTeX Info: Redefining \] on input line 2667.
)
(/usr/local/texlive/2009/texmf-dist/tex/latex/graphics/graphicx.sty
Package: graphicx 1999/02/16 v1.0f Enhanced LaTeX Graphics (DPC,SPQR)

(/usr/local/texlive/2009/texmf-dist/tex/latex/graphics/keyval.sty
Package: keyval 1999/03/16 v1.13 key=value parser (DPC)
\KV@toks@=\toks19
)
(/usr/local/texlive/2009/texmf-dist/tex/latex/graphics/graphics.sty
Package: graphics 2009/02/05 v1.0o Standard LaTeX Graphics (DPC,SPQR)

(/usr/local/texlive/2009/texmf-dist/tex/latex/graphics/trig.sty
Package: trig 1999/03/16 v1.09 sin cos tan (DPC)
)
(/usr/local/texlive/2009/texmf-dist/tex/latex/latexconfig/graphics.cfg
File: graphics.cfg 2009/08/28 v1.8 graphics configuration of TeX Live
)
Package graphics Info: Driver file: pdftex.def on input line 91.

(/usr/local/texlive/2009/texmf-dist/tex/latex/pdftex-def/pdftex.def
File: pdftex.def 2009/08/25 v0.04m Graphics/color for pdfTeX
\Gread@gobject=\count99
))
\Gin@req@height=\dimen112
\Gin@req@width=\dimen113
)
(/usr/local/texlive/2009/texmf-dist/tex/latex/titling/titling.sty
Package: titling 2009/09/04 v2.1d maketitle typesetting
\thanksmarkwidth=\skip46
\thanksmargin=\skip47
\droptitle=\skip48
)
(/usr/local/texlive/2009/texmf-dist/tex/latex/preprint/fullpage.sty
Package: fullpage 1999/02/23 1.1 (PWD)
\FP@margin=\skip49
)
(/usr/local/texlive/2009/texmf-dist/tex/latex/float/float.sty
Package: float 2001/11/08 v1.3d Float enhancements (AL)
\c@float@type=\count100
\float@exts=\toks20
\float@box=\box28
\@float@everytoks=\toks21
\@floatcapt=\box29
) (./Rapport.aux)
\openout1 = `Rapport.aux'.

LaTeX Font Info:    Checking defaults for OML/cmm/m/it on input line 32.
LaTeX Font Info:    ... okay on input line 32.
LaTeX Font Info:    Checking defaults for T1/cmr/m/n on input line 32.
LaTeX Font Info:    ... okay on input line 32.
LaTeX Font Info:    Checking defaults for OT1/cmr/m/n on input line 32.
LaTeX Font Info:    ... okay on input line 32.
LaTeX Font Info:    Checking defaults for OMS/cmsy/m/n on input line 32.
LaTeX Font Info:    ... okay on input line 32.
LaTeX Font Info:    Checking defaults for OMX/cmex/m/n on input line 32.
LaTeX Font Info:    ... okay on input line 32.
LaTeX Font Info:    Checking defaults for U/cmr/m/n on input line 32.
LaTeX Font Info:    ... okay on input line 32.
LaTeX Font Info:    Try loading font information for T1+lmr on input line 32.

(/usr/local/texlive/2009/texmf-dist/tex/latex/lm/t1lmr.fd
File: t1lmr.fd 2009/10/30 v1.6 Font defs for Latin Modern
)
(/usr/local/texlive/2009/texmf-dist/tex/context/base/supp-pdf.mkii
[Loading MPS to PDF converter (version 2006.09.02).]
\scratchcounter=\count101
\scratchdimen=\dimen114
\scratchbox=\box30
\nofMPsegments=\count102
\nofMParguments=\count103
\everyMPshowfont=\toks22
\MPscratchCnt=\count104
\MPscratchDim=\dimen115
\MPnumerator=\count105
\everyMPtoPDFconversion=\toks23
)
LaTeX Font Info:    Try loading font information for OT1+lmr on input line 33.
 (/usr/local/texlive/2009/texmf-dist/tex/latex/lm/ot1lmr.fd
File: ot1lmr.fd 2009/10/30 v1.6 Font defs for Latin Modern
)
LaTeX Font Info:    Try loading font information for OML+lmm on input line 33.

(/usr/local/texlive/2009/texmf-dist/tex/latex/lm/omllmm.fd
File: omllmm.fd 2009/10/30 v1.6 Font defs for Latin Modern
)
LaTeX Font Info:    Try loading font information for OMS+lmsy on input line 33.


(/usr/local/texlive/2009/texmf-dist/tex/latex/lm/omslmsy.fd
File: omslmsy.fd 2009/10/30 v1.6 Font defs for Latin Modern
)
LaTeX Font Info:    Try loading font information for OMX+lmex on input line 33.


(/usr/local/texlive/2009/texmf-dist/tex/latex/lm/omxlmex.fd
File: omxlmex.fd 2009/10/30 v1.6 Font defs for Latin Modern
)
LaTeX Font Info:    External font `lmex10' loaded for size
(Font)              <12> on input line 33.
LaTeX Font Info:    External font `lmex10' loaded for size
(Font)              <8> on input line 33.
LaTeX Font Info:    External font `lmex10' loaded for size
(Font)              <6> on input line 33.
LaTeX Font Info:    External font `lmex10' loaded for size
(Font)              <10.95> on input line 35.

Underfull \hbox (badness 10000) in paragraph at lines 35--37

 []

<Exo1/K2.pdf, id=1, 535.6898pt x 437.88795pt>
File: Exo1/K2.pdf Graphic file (type pdf)
 <use Exo1/K2.pdf>
<Exo1/K3.pdf, id=2, 476.38368pt x 437.88795pt>
File: Exo1/K3.pdf Graphic file (type pdf)
 <use Exo1/K3.pdf>
Overfull \hbox (25.0831pt too wide) in paragraph at lines 41--43
[] [] 
 []

<Exo1/K4.pdf, id=3, 454.46606pt x 435.32718pt>
File: Exo1/K4.pdf Graphic file (type pdf)
 <use Exo1/K4.pdf> [1

{/usr/local/texlive/2009/texmf-var/fonts/map/pdftex/updmap/pdftex.map} <./Exo1/
K2.pdf> <./Exo1/K3.pdf> <./Exo1/K4.pdf>]
Underfull \hbox (badness 10000) in paragraph at lines 51--52

 []


Underfull \hbox (badness 10000) in paragraph at lines 69--70

 []


Underfull \hbox (badness 10000) in paragraph at lines 71--75

 []


Underfull \hbox (badness 10000) in paragraph at lines 80--81

 []


Underfull \hbox (badness 10000) in paragraph at lines 94--95

 []

<Exo1/coude.pdf, id=630, 544.07005pt x 437.24776pt>
File: Exo1/coude.pdf Graphic file (type pdf)
 <use Exo1/coude.pdf>
[2]
Underfull \hbox (badness 10000) in paragraph at lines 101--103

 []


Underfull \hbox (badness 10000) in paragraph at lines 104--106

 []


Underfull \hbox (badness 10000) in paragraph at lines 107--109

 []


Underfull \hbox (badness 10000) in paragraph at lines 110--112

 []


Underfull \hbox (badness 10000) in paragraph at lines 115--116

 []


Underfull \hbox (badness 10000) in paragraph at lines 117--118

 []


Underfull \hbox (badness 10000) in paragraph at lines 119--120

 []

<Exo2/EM_CEM.pdf, id=636, 543.0548pt x 775.23967pt>
File: Exo2/EM_CEM.pdf Graphic file (type pdf)
 <use Exo2/EM_CEM.pdf>
<Exo2/EM_CEM2.pdf, id=637, 544.98962pt x 319.89925pt>
File: Exo2/EM_CEM2.pdf Graphic file (type pdf)
 <use Exo2/EM_CEM2.pdf>
[3 <./Exo1/coude.pdf>] [4 <./Exo2/EM_CEM.pdf>]
Underfull \hbox (badness 10000) in paragraph at lines 131--132

 []


Underfull \hbox (badness 10000) in paragraph at lines 133--137

 []


Underfull \hbox (badness 10000) in paragraph at lines 138--142

 []

<Exo2/kmeans.pdf, id=746, 505.89pt x 505.89pt>
File: Exo2/kmeans.pdf Graphic file (type pdf)
 <use Exo2/kmeans.pdf> [5 <./Exo2/EM_CEM2.pdf>] <Exo2/EM.pdf, id=783, 505.89pt 
x 505.89pt>
File: Exo2/EM.pdf Graphic file (type pdf)
 <use Exo2/EM.pdf>
<Exo2/CEM.pdf, id=784, 502.8135pt x 437.88795pt>
File: Exo2/CEM.pdf Graphic file (type pdf)
 <use Exo2/CEM.pdf>
Overfull \hbox (55.44499pt too wide) in paragraph at lines 160--162
  []   [] 
 []


Overfull \hbox (42.14534pt too wide) in paragraph at lines 160--162
\OML/lmm/m/it/10.95 plot\OT1/lmr/m/n/10.95 (\OML/lmm/m/it/10.95 donnees; col \O
T1/lmr/m/n/10.95 = \OML/lmm/m/it/10.95 c\OT1/lmr/m/n/10.95 ("\OML/lmm/m/it/10.9
5 red\OT1/lmr/m/n/10.95 "\OML/lmm/m/it/10.95 ; \OT1/lmr/m/n/10.95 "\OML/lmm/m/i
t/10.95 blue\OT1/lmr/m/n/10.95 ")[\OML/lmm/m/it/10.95 EM\OT1/lmr/m/n/10.95 [[3]
]])$   $\OML/lmm/m/it/10.95 plot\OT1/lmr/m/n/10.95 (\OML/lmm/m/it/10.95 donnees
; col \OT1/lmr/m/n/10.95 = \OML/lmm/m/it/10.95 c\OT1/lmr/m/n/10.95 ("\OML/lmm/m
/it/10.95 red\OT1/lmr/m/n/10.95 "\OML/lmm/m/it/10.95 ; \OT1/lmr/m/n/10.95 "\OML
/lmm/m/it/10.95 blue\OT1/lmr/m/n/10.95 ")[\OML/lmm/m/it/10.95 CEM\OT1/lmr/m/n/1
0.95 [[3]]])$ 
 []


Underfull \hbox (badness 10000) in paragraph at lines 160--162

 []


Underfull \hbox (badness 10000) in paragraph at lines 163--165

 []

[6 <./Exo2/kmeans.pdf> <./Exo2/EM.pdf> <./Exo2/CEM.pdf>]
Underfull \hbox (badness 10000) in paragraph at lines 174--175

 []


Underfull \hbox (badness 10000) in paragraph at lines 180--181

 []

<Exo2/lenaKMeans.png, id=1025, 505.89pt x 505.13719pt>
File: Exo2/lenaKMeans.png Graphic file (type png)

<use Exo2/lenaKMeans.png>
Underfull \hbox (badness 10000) in paragraph at lines 197--198

 []

[7 <./Exo2/lenaKMeans.png (PNG copy)>]
Overfull \hbox (6.71185pt too wide) in paragraph at lines 209--209
[]\T1/lmr/bx/n/12 Premiere com-para-i-son en-tre l'algorithme des cen-tres mo-b
iles, l'algorithme
 []


Underfull \hbox (badness 10000) in paragraph at lines 213--214

 []


Underfull \hbox (badness 10000) in paragraph at lines 217--218

 []

<Exo3/4classes.png, id=1032, 505.89pt x 505.13719pt>
File: Exo3/4classes.png Graphic file (type png)
 <use Exo3/4classes.png>
Overfull \hbox (0.55188pt too wide) in paragraph at lines 227--227
[]\T1/lmr/bx/n/12 Seconde com-para-i-son en-tre l'algorithme des cen-tres mo-bi
les, l'algorithme
 []

[8 <./Exo3/4classes.png (PNG copy)>]
<Exo3/especeCrabes.png, id=1037, 505.89pt x 505.13719pt>
File: Exo3/especeCrabes.png Graphic file (type png)

<use Exo3/especeCrabes.png>
<Exo3/sexeCrabes.png, id=1038, 505.89pt x 505.13719pt>
File: Exo3/sexeCrabes.png Graphic file (type png)

<use Exo3/sexeCrabes.png> [9 <./Exo3/especeCrabes.png (PNG copy)> <./Exo3/sexeC
rabes.png (PNG copy)>] (./Rapport.aux) ) 
Here is how much of TeX's memory you used:
 2031 strings out of 493848
 25764 string characters out of 3149207
 75987 words of memory out of 3000000
 5281 multiletter control sequences out of 15000+200000
 40333 words of font info for 36 fonts, out of 3000000 for 9000
 714 hyphenation exceptions out of 8191
 27i,6n,22p,435b,255s stack positions out of 5000i,500n,10000p,200000b,50000s
{/usr/local/texlive/2009/texmf-dist/fon
ts/enc/dvips/lm/lm-rm.enc}{/usr/local/texlive/2009/texmf-dist/fonts/enc/dvips/l
m/lm-mathex.enc}{/usr/local/texlive/2009/texmf-dist/fonts/enc/dvips/lm/lm-mathi
t.enc}{/usr/local/texlive/2009/texmf-dist/fonts/enc/dvips/lm/lm-mathsy.enc}{/us
r/local/texlive/2009/texmf-dist/fonts/enc/dvips/lm/lm-ec.enc}</usr/local/texliv
e/2009/texmf-dist/fonts/type1/public/lm/lmbx10.pfb></usr/local/texlive/2009/tex
mf-dist/fonts/type1/public/lm/lmbx12.pfb></usr/local/texlive/2009/texmf-dist/fo
nts/type1/public/lm/lmex10.pfb></usr/local/texlive/2009/texmf-dist/fonts/type1/
public/lm/lmmi10.pfb></usr/local/texlive/2009/texmf-dist/fonts/type1/public/lm/
lmmi6.pfb></usr/local/texlive/2009/texmf-dist/fonts/type1/public/lm/lmmi8.pfb><
/usr/local/texlive/2009/texmf-dist/fonts/type1/public/lm/lmr10.pfb></usr/local/
texlive/2009/texmf-dist/fonts/type1/public/lm/lmr12.pfb></usr/local/texlive/200
9/texmf-dist/fonts/type1/public/lm/lmr17.pfb></usr/local/texlive/2009/texmf-dis
t/fonts/type1/public/lm/lmr6.pfb></usr/local/texlive/2009/texmf-dist/fonts/type
1/public/lm/lmr8.pfb></usr/local/texlive/2009/texmf-dist/fonts/type1/public/lm/
lmsy10.pfb></usr/local/texlive/2009/texmf-dist/fonts/type1/public/lm/lmsy8.pfb>

Output written on Rapport.pdf (9 pages, 2383494 bytes).
PDF statistics:
 1089 PDF objects out of 1200 (max. 8388607)
 0 named destinations out of 1000 (max. 500000)
 66 words of extra memory for PDF output out of 10000 (max. 10000000)

