This is pdfTeX, Version 3.1415926-2.5-1.40.14 (TeX Live 2013/Debian) (format=pdflatex 2015.4.22)  22 APR 2015 18:34
entering extended mode
 restricted \write18 enabled.
 %&-line parsing enabled.
**tp2.tex
(./tp2.tex
LaTeX2e <2011/06/27>
Babel <3.9h> and hyphenation patterns for 78 languages loaded.
(/usr/share/texlive/texmf-dist/tex/latex/base/article.cls
Document Class: article 2007/10/19 v1.4h Standard LaTeX document class
(/usr/share/texlive/texmf-dist/tex/latex/base/size10.clo
File: size10.clo 2007/10/19 v1.4h Standard LaTeX file (size option)
)
\c@part=\count79
\c@section=\count80
\c@subsection=\count81
\c@subsubsection=\count82
\c@paragraph=\count83
\c@subparagraph=\count84
\c@figure=\count85
\c@table=\count86
\abovecaptionskip=\skip41
\belowcaptionskip=\skip42
\bibindent=\dimen102
)
(/usr/share/texlive/texmf-dist/tex/latex/base/inputenc.sty
Package: inputenc 2008/03/30 v1.1d Input encoding file
\inpenc@prehook=\toks14
\inpenc@posthook=\toks15

(/usr/share/texlive/texmf-dist/tex/latex/ucs/utf8x.def
File: utf8x.def 2004/10/17 UCS: Input encoding UTF-8
))
(/usr/share/texlive/texmf-dist/tex/latex/ucs/ucs.sty
Package: ucs 2013/05/11 v2.2 UCS: Unicode input support

(/usr/share/texlive/texmf-dist/tex/latex/ucs/data/uni-global.def
File: uni-global.def 2013/05/13 UCS: Unicode global data
)
\uc@secondtry=\count87
\uc@combtoks=\toks16
\uc@combtoksb=\toks17
\uc@temptokena=\toks18
)
(/usr/share/texlive/texmf-dist/tex/latex/graphics/graphicx.sty
Package: graphicx 1999/02/16 v1.0f Enhanced LaTeX Graphics (DPC,SPQR)

(/usr/share/texlive/texmf-dist/tex/latex/graphics/keyval.sty
Package: keyval 1999/03/16 v1.13 key=value parser (DPC)
\KV@toks@=\toks19
)
(/usr/share/texlive/texmf-dist/tex/latex/graphics/graphics.sty
Package: graphics 2009/02/05 v1.0o Standard LaTeX Graphics (DPC,SPQR)

(/usr/share/texlive/texmf-dist/tex/latex/graphics/trig.sty
Package: trig 1999/03/16 v1.09 sin cos tan (DPC)
)
(/usr/share/texlive/texmf-dist/tex/latex/latexconfig/graphics.cfg
File: graphics.cfg 2010/04/23 v1.9 graphics configuration of TeX Live
)
Package graphics Info: Driver file: pdftex.def on input line 91.

(/usr/share/texlive/texmf-dist/tex/latex/pdftex-def/pdftex.def
File: pdftex.def 2011/05/27 v0.06d Graphics/color for pdfTeX

(/usr/share/texlive/texmf-dist/tex/generic/oberdiek/infwarerr.sty
Package: infwarerr 2010/04/08 v1.3 Providing info/warning/error messages (HO)
)
(/usr/share/texlive/texmf-dist/tex/generic/oberdiek/ltxcmds.sty
Package: ltxcmds 2011/11/09 v1.22 LaTeX kernel commands for general use (HO)
)
\Gread@gobject=\count88
))
\Gin@req@height=\dimen103
\Gin@req@width=\dimen104
)
(/usr/share/texlive/texmf-dist/tex/latex/geometry/geometry.sty
Package: geometry 2010/09/12 v5.6 Page Geometry

(/usr/share/texlive/texmf-dist/tex/generic/oberdiek/ifpdf.sty
Package: ifpdf 2011/01/30 v2.3 Provides the ifpdf switch (HO)
Package ifpdf Info: pdfTeX in PDF mode is detected.
)
(/usr/share/texlive/texmf-dist/tex/generic/oberdiek/ifvtex.sty
Package: ifvtex 2010/03/01 v1.5 Detect VTeX and its facilities (HO)
Package ifvtex Info: VTeX not detected.
)
(/usr/share/texlive/texmf-dist/tex/generic/ifxetex/ifxetex.sty
Package: ifxetex 2010/09/12 v0.6 Provides ifxetex conditional
)
\Gm@cnth=\count89
\Gm@cntv=\count90
\c@Gm@tempcnt=\count91
\Gm@bindingoffset=\dimen105
\Gm@wd@mp=\dimen106
\Gm@odd@mp=\dimen107
\Gm@even@mp=\dimen108
\Gm@layoutwidth=\dimen109
\Gm@layoutheight=\dimen110
\Gm@layouthoffset=\dimen111
\Gm@layoutvoffset=\dimen112
\Gm@dimlist=\toks20
)
(/usr/share/texlive/texmf-dist/tex/latex/amsmath/amsmath.sty
Package: amsmath 2013/01/14 v2.14 AMS math features
\@mathmargin=\skip43

For additional information on amsmath, use the `?' option.
(/usr/share/texlive/texmf-dist/tex/latex/amsmath/amstext.sty
Package: amstext 2000/06/29 v2.01

(/usr/share/texlive/texmf-dist/tex/latex/amsmath/amsgen.sty
File: amsgen.sty 1999/11/30 v2.0
\@emptytoks=\toks21
\ex@=\dimen113
))
(/usr/share/texlive/texmf-dist/tex/latex/amsmath/amsbsy.sty
Package: amsbsy 1999/11/29 v1.2d
\pmbraise@=\dimen114
)
(/usr/share/texlive/texmf-dist/tex/latex/amsmath/amsopn.sty
Package: amsopn 1999/12/14 v2.01 operator names
)
\inf@bad=\count92
LaTeX Info: Redefining \frac on input line 210.
\uproot@=\count93
\leftroot@=\count94
LaTeX Info: Redefining \overline on input line 306.
\classnum@=\count95
\DOTSCASE@=\count96
LaTeX Info: Redefining \ldots on input line 378.
LaTeX Info: Redefining \dots on input line 381.
LaTeX Info: Redefining \cdots on input line 466.
\Mathstrutbox@=\box26
\strutbox@=\box27
\big@size=\dimen115
LaTeX Font Info:    Redeclaring font encoding OML on input line 566.
LaTeX Font Info:    Redeclaring font encoding OMS on input line 567.
\macc@depth=\count97
\c@MaxMatrixCols=\count98
\dotsspace@=\muskip10
\c@parentequation=\count99
\dspbrk@lvl=\count100
\tag@help=\toks22
\row@=\count101
\column@=\count102
\maxfields@=\count103
\andhelp@=\toks23
\eqnshift@=\dimen116
\alignsep@=\dimen117
\tagshift@=\dimen118
\tagwidth@=\dimen119
\totwidth@=\dimen120
\lineht@=\dimen121
\@envbody=\toks24
\multlinegap=\skip44
\multlinetaggap=\skip45
\mathdisplay@stack=\toks25
LaTeX Info: Redefining \[ on input line 2665.
LaTeX Info: Redefining \] on input line 2666.
)
(/usr/share/texlive/texmf-dist/tex/latex/amsfonts/amssymb.sty
Package: amssymb 2013/01/14 v3.01 AMS font symbols

(/usr/share/texlive/texmf-dist/tex/latex/amsfonts/amsfonts.sty
Package: amsfonts 2013/01/14 v3.01 Basic AMSFonts support
\symAMSa=\mathgroup4
\symAMSb=\mathgroup5
LaTeX Font Info:    Overwriting math alphabet `\mathfrak' in version `bold'
(Font)                  U/euf/m/n --> U/euf/b/n on input line 106.
))
(/usr/share/texlive/texmf-dist/tex/latex/jknapltx/mathrsfs.sty
Package: mathrsfs 1996/01/01 Math RSFS package v1.0 (jk)
\symrsfs=\mathgroup6
) (./tp2.aux)
\openout1 = `tp2.aux'.

LaTeX Font Info:    Checking defaults for OML/cmm/m/it on input line 14.
LaTeX Font Info:    ... okay on input line 14.
LaTeX Font Info:    Checking defaults for T1/cmr/m/n on input line 14.
LaTeX Font Info:    ... okay on input line 14.
LaTeX Font Info:    Checking defaults for OT1/cmr/m/n on input line 14.
LaTeX Font Info:    ... okay on input line 14.
LaTeX Font Info:    Checking defaults for OMS/cmsy/m/n on input line 14.
LaTeX Font Info:    ... okay on input line 14.
LaTeX Font Info:    Checking defaults for OMX/cmex/m/n on input line 14.
LaTeX Font Info:    ... okay on input line 14.
LaTeX Font Info:    Checking defaults for U/cmr/m/n on input line 14.
LaTeX Font Info:    ... okay on input line 14.

(/usr/share/texlive/texmf-dist/tex/latex/ucs/ucsencs.def
File: ucsencs.def 2011/01/21 Fixes to fontencodings LGR, T3
)
(/usr/share/texlive/texmf-dist/tex/context/base/supp-pdf.mkii
[Loading MPS to PDF converter (version 2006.09.02).]
\scratchcounter=\count104
\scratchdimen=\dimen122
\scratchbox=\box28
\nofMPsegments=\count105
\nofMParguments=\count106
\everyMPshowfont=\toks26
\MPscratchCnt=\count107
\MPscratchDim=\dimen123
\MPnumerator=\count108
\makeMPintoPDFobject=\count109
\everyMPtoPDFconversion=\toks27
) (/usr/share/texlive/texmf-dist/tex/generic/oberdiek/pdftexcmds.sty
Package: pdftexcmds 2011/11/29 v0.20 Utility functions of pdfTeX for LuaTeX (HO
)

(/usr/share/texlive/texmf-dist/tex/generic/oberdiek/ifluatex.sty
Package: ifluatex 2010/03/01 v1.3 Provides the ifluatex switch (HO)
Package ifluatex Info: LuaTeX not detected.
)
Package pdftexcmds Info: LuaTeX not detected.
Package pdftexcmds Info: \pdf@primitive is available.
Package pdftexcmds Info: \pdf@ifprimitive is available.
Package pdftexcmds Info: \pdfdraftmode found.
)
(/usr/share/texlive/texmf-dist/tex/latex/oberdiek/epstopdf-base.sty
Package: epstopdf-base 2010/02/09 v2.5 Base part for package epstopdf

(/usr/share/texlive/texmf-dist/tex/latex/oberdiek/grfext.sty
Package: grfext 2010/08/19 v1.1 Manage graphics extensions (HO)

(/usr/share/texlive/texmf-dist/tex/generic/oberdiek/kvdefinekeys.sty
Package: kvdefinekeys 2011/04/07 v1.3 Define keys (HO)
))
(/usr/share/texlive/texmf-dist/tex/latex/oberdiek/kvoptions.sty
Package: kvoptions 2011/06/30 v3.11 Key value format for package options (HO)

(/usr/share/texlive/texmf-dist/tex/generic/oberdiek/kvsetkeys.sty
Package: kvsetkeys 2012/04/25 v1.16 Key value parser (HO)

(/usr/share/texlive/texmf-dist/tex/generic/oberdiek/etexcmds.sty
Package: etexcmds 2011/02/16 v1.5 Avoid name clashes with e-TeX commands (HO)
Package etexcmds Info: Could not find \expanded.
(etexcmds)             That can mean that you are not using pdfTeX 1.50 or
(etexcmds)             that some package has redefined \expanded.
(etexcmds)             In the latter case, load this package earlier.
)))
Package grfext Info: Graphics extension search list:
(grfext)             [.png,.pdf,.jpg,.mps,.jpeg,.jbig2,.jb2,.PNG,.PDF,.JPG,.JPE
G,.JBIG2,.JB2,.eps]
(grfext)             \AppendGraphicsExtensions on input line 452.

(/usr/share/texlive/texmf-dist/tex/latex/latexconfig/epstopdf-sys.cfg
File: epstopdf-sys.cfg 2010/07/13 v1.3 Configuration of (r)epstopdf for TeX Liv
e
))
*geometry* driver: auto-detecting
*geometry* detected driver: pdftex
*geometry* verbose mode - [ preamble ] result:
* driver: pdftex
* paper: a4paper
* layout: <same size as paper>
* layoutoffset:(h,v)=(0.0pt,0.0pt)
* modes: 
* h-part:(L,W,R)=(71.13188pt, 455.24411pt, 71.13188pt)
* v-part:(T,H,B)=(42.67912pt, 759.6886pt, 42.67912pt)
* \paperwidth=597.50787pt
* \paperheight=845.04684pt
* \textwidth=455.24411pt
* \textheight=759.6886pt
* \oddsidemargin=-1.1381pt
* \evensidemargin=-1.1381pt
* \topmargin=-66.59087pt
* \headheight=12.0pt
* \headsep=25.0pt
* \topskip=10.0pt
* \footskip=30.0pt
* \marginparwidth=57.0pt
* \marginparsep=11.0pt
* \columnsep=10.0pt
* \skip\footins=9.0pt plus 4.0pt minus 2.0pt
* \hoffset=0.0pt
* \voffset=0.0pt
* \mag=1000
* \@twocolumnfalse
* \@twosidefalse
* \@mparswitchfalse
* \@reversemarginfalse
* (1in=72.27pt=25.4mm, 1cm=28.453pt)

LaTeX Font Info:    Try loading font information for U+msa on input line 16.
(/usr/share/texlive/texmf-dist/tex/latex/amsfonts/umsa.fd
File: umsa.fd 2013/01/14 v3.01 AMS symbols A
)
LaTeX Font Info:    Try loading font information for U+msb on input line 16.

(/usr/share/texlive/texmf-dist/tex/latex/amsfonts/umsb.fd
File: umsb.fd 2013/01/14 v3.01 AMS symbols B
)
LaTeX Font Info:    Try loading font information for U+rsfs on input line 16.

(/usr/share/texlive/texmf-dist/tex/latex/jknapltx/ursfs.fd
File: ursfs.fd 1998/03/24 rsfs font definition file (jk)
)
(/usr/share/texlive/texmf-dist/tex/latex/ucs/data/uni-0.def
File: uni-0.def 2013/05/13 UCS: Unicode data U+0000..U+00FF
)
<plots/boxplot_bwt_smoke.png, id=1, 481.8pt x 481.8pt>
File: plots/boxplot_bwt_smoke.png Graphic file (type png)

<use plots/boxplot_bwt_smoke.png>
Package pdftex.def Info: plots/boxplot_bwt_smoke.png used on input line 54.
(pdftex.def)             Requested size: 227.62228pt x 227.62228pt.

<plots/boxplot_gestation_smoke.png, id=2, 481.8pt x 481.8pt>
File: plots/boxplot_gestation_smoke.png Graphic file (type png)

<use plots/boxplot_gestation_smoke.png>
Package pdftex.def Info: plots/boxplot_gestation_smoke.png used on input line 8
4.
(pdftex.def)             Requested size: 227.62228pt x 227.62228pt.

<plots/barplot_etude_smoke.png, id=3, 481.8pt x 481.8pt>
File: plots/barplot_etude_smoke.png Graphic file (type png)

<use plots/barplot_etude_smoke.png>
Package pdftex.def Info: plots/barplot_etude_smoke.png used on input line 109.
(pdftex.def)             Requested size: 227.62228pt x 227.62228pt.

Underfull \hbox (badness 10000) in paragraph at lines 24--121

 []


Underfull \hbox (badness 10000) in paragraph at lines 24--121

 []


Underfull \hbox (badness 10000) in paragraph at lines 24--121

 []


Underfull \hbox (badness 10000) in paragraph at lines 24--121

 []


Underfull \hbox (badness 10000) in paragraph at lines 24--121

 []


Underfull \hbox (badness 10000) in paragraph at lines 24--121

 []


Underfull \hbox (badness 10000) in paragraph at lines 24--121

 []


Underfull \hbox (badness 10000) in paragraph at lines 24--121

 []


Underfull \hbox (badness 10000) in paragraph at lines 24--121

 []


Underfull \hbox (badness 10000) in paragraph at lines 24--121

 []


Underfull \hbox (badness 10000) in paragraph at lines 24--121

 []


Underfull \hbox (badness 10000) in paragraph at lines 24--121

 []


Underfull \hbox (badness 10000) in paragraph at lines 24--121

 []


Underfull \hbox (badness 10000) in paragraph at lines 24--121

 []


Underfull \hbox (badness 10000) in paragraph at lines 24--121

 []


Underfull \hbox (badness 10000) in paragraph at lines 24--121

 []


Underfull \hbox (badness 10000) in paragraph at lines 24--121

 []

[1

{/var/lib/texmf/fonts/map/pdftex/updmap/pdftex.map} <./plots/boxplot_bwt_smoke.
png (PNG copy)>] [2 <./plots/boxplot_gestation_smoke.png (PNG copy)>]
<plots/boxplot_crabsquant.png, id=19, 481.8pt x 481.8pt>
File: plots/boxplot_crabsquant.png Graphic file (type png)

<use plots/boxplot_crabsquant.png>
Package pdftex.def Info: plots/boxplot_crabsquant.png used on input line 127.
(pdftex.def)             Requested size: 227.62228pt x 227.62228pt.

<plots/plot_crabsquant_sp.png, id=20, 481.8pt x 481.8pt>
File: plots/plot_crabsquant_sp.png Graphic file (type png)

<use plots/plot_crabsquant_sp.png>
Package pdftex.def Info: plots/plot_crabsquant_sp.png used on input line 135.
(pdftex.def)             Requested size: 227.62228pt x 227.62228pt.

<plots/plot_crabsquant_sex.png, id=21, 481.8pt x 481.8pt>
File: plots/plot_crabsquant_sex.png Graphic file (type png)

<use plots/plot_crabsquant_sex.png>
Package pdftex.def Info: plots/plot_crabsquant_sex.png used on input line 136.
(pdftex.def)             Requested size: 227.62228pt x 227.62228pt.

<plots/boxplot_rw_espece.png, id=22, 481.8pt x 481.8pt>
File: plots/boxplot_rw_espece.png Graphic file (type png)

<use plots/boxplot_rw_espece.png>
Package pdftex.def Info: plots/boxplot_rw_espece.png used on input line 140.
(pdftex.def)             Requested size: 85.35284pt x 113.81114pt.

<plots/boxplot_bd_espece.png, id=23, 481.8pt x 481.8pt>
File: plots/boxplot_bd_espece.png Graphic file (type png)

<use plots/boxplot_bd_espece.png>
Package pdftex.def Info: plots/boxplot_bd_espece.png used on input line 141.
(pdftex.def)             Requested size: 85.35284pt x 113.81114pt.

<plots/boxplot_cl_espece.png, id=24, 481.8pt x 481.8pt>
File: plots/boxplot_cl_espece.png Graphic file (type png)

<use plots/boxplot_cl_espece.png>
Package pdftex.def Info: plots/boxplot_cl_espece.png used on input line 142.
(pdftex.def)             Requested size: 85.35284pt x 113.81114pt.

<plots/boxplot_cw_espece.png, id=25, 481.8pt x 481.8pt>
File: plots/boxplot_cw_espece.png Graphic file (type png)

<use plots/boxplot_cw_espece.png>
Package pdftex.def Info: plots/boxplot_cw_espece.png used on input line 143.
(pdftex.def)             Requested size: 85.35284pt x 113.81114pt.

<plots/boxplot_fl_espece.png, id=26, 481.8pt x 481.8pt>
File: plots/boxplot_fl_espece.png Graphic file (type png)

<use plots/boxplot_fl_espece.png>
Package pdftex.def Info: plots/boxplot_fl_espece.png used on input line 144.
(pdftex.def)             Requested size: 85.35284pt x 113.81114pt.

<plots/boxplot_rw_sexe.png, id=27, 481.8pt x 481.8pt>
File: plots/boxplot_rw_sexe.png Graphic file (type png)

<use plots/boxplot_rw_sexe.png>
Package pdftex.def Info: plots/boxplot_rw_sexe.png used on input line 147.
(pdftex.def)             Requested size: 85.35284pt x 113.81114pt.

<plots/boxplot_bd_sexe.png, id=28, 481.8pt x 481.8pt>
File: plots/boxplot_bd_sexe.png Graphic file (type png)

<use plots/boxplot_bd_sexe.png>
Package pdftex.def Info: plots/boxplot_bd_sexe.png used on input line 148.
(pdftex.def)             Requested size: 85.35284pt x 113.81114pt.

<plots/boxplot_cl_sexe.png, id=29, 481.8pt x 481.8pt>
File: plots/boxplot_cl_sexe.png Graphic file (type png)

<use plots/boxplot_cl_sexe.png>
Package pdftex.def Info: plots/boxplot_cl_sexe.png used on input line 149.
(pdftex.def)             Requested size: 85.35284pt x 113.81114pt.

<plots/boxplot_cw_sexe.png, id=30, 481.8pt x 481.8pt>
File: plots/boxplot_cw_sexe.png Graphic file (type png)

<use plots/boxplot_cw_sexe.png>
Package pdftex.def Info: plots/boxplot_cw_sexe.png used on input line 150.
(pdftex.def)             Requested size: 85.35284pt x 113.81114pt.

<plots/boxplot_fl_sexe.png, id=31, 481.8pt x 481.8pt>
File: plots/boxplot_fl_sexe.png Graphic file (type png)

<use plots/boxplot_fl_sexe.png>
Package pdftex.def Info: plots/boxplot_fl_sexe.png used on input line 151.
(pdftex.def)             Requested size: 85.35284pt x 113.81114pt.

Underfull \hbox (badness 10000) in paragraph at lines 124--180

 []


Overfull \hbox (2.22267pt too wide) in paragraph at lines 124--180
[] [] 
 []


Underfull \hbox (badness 10000) in paragraph at lines 124--180

 []


Underfull \hbox (badness 10000) in paragraph at lines 124--180

 []


Underfull \hbox (badness 10000) in paragraph at lines 124--180

 []


Underfull \hbox (badness 10000) in paragraph at lines 124--180

 []


Underfull \hbox (badness 10000) in paragraph at lines 124--180

 []


Underfull \hbox (badness 10000) in paragraph at lines 124--180

 []


Underfull \hbox (badness 10000) in paragraph at lines 124--180

 []


Underfull \hbox (badness 10000) in paragraph at lines 124--180

 []


Underfull \hbox (badness 10000) in paragraph at lines 124--180

 []

[3 <./plots/barplot_etude_smoke.png (PNG copy)> <./plots/boxplot_crabsquant.png
>] [4 <./plots/plot_crabsquant_sp.png (PNG copy)> <./plots/plot_crabsquant_sex.
png (PNG copy)> <./plots/boxplot_rw_espece.png (PNG copy)> <./plots/boxplot_bd_
espece.png (PNG copy)> <./plots/boxplot_cl_espece.png (PNG copy)> <./plots/boxp
lot_cw_espece.png (PNG copy)> <./plots/boxplot_fl_espece.png (PNG copy)> <./plo
ts/boxplot_rw_sexe.png (PNG copy)> <./plots/boxplot_bd_sexe.png (PNG copy)> <./
plots/boxplot_cl_sexe.png (PNG copy)> <./plots/boxplot_cw_sexe.png (PNG copy)> 
<./plots/boxplot_fl_sexe.png (PNG copy)>]
Underfull \hbox (badness 10000) in paragraph at lines 209--225

 []


Underfull \hbox (badness 10000) in paragraph at lines 209--225

 []


Underfull \hbox (badness 10000) in paragraph at lines 209--225

 []

<plots/plot_composantes_principales.png, id=39, 481.8pt x 481.8pt>
File: plots/plot_composantes_principales.png Graphic file (type png)

<use plots/plot_composantes_principales.png>
Package pdftex.def Info: plots/plot_composantes_principales.png used on input l
ine 232.
(pdftex.def)             Requested size: 227.62228pt x 227.62228pt.

Underfull \hbox (badness 10000) in paragraph at lines 231--238

 []


Underfull \hbox (badness 10000) in paragraph at lines 231--238

 []

[5] <plots/plot_correlation.png, id=46, 481.8pt x 481.8pt>
File: plots/plot_correlation.png Graphic file (type png)

<use plots/plot_correlation.png>
Package pdftex.def Info: plots/plot_correlation.png used on input line 244.
(pdftex.def)             Requested size: 227.62228pt x 227.62228pt.

Underfull \hbox (badness 10000) in paragraph at lines 243--267

 []

[6 <./plots/plot_composantes_principales.png (PNG copy)> <./plots/plot_correlat
ion.png (PNG copy)>] <plots/plot_acp_notes.png, id=54, 481.8pt x 481.8pt>
File: plots/plot_acp_notes.png Graphic file (type png)

<use plots/plot_acp_notes.png>
Package pdftex.def Info: plots/plot_acp_notes.png used on input line 278.
(pdftex.def)             Requested size: 227.62228pt x 227.62228pt.

<plots/plot_correlation_notes.png, id=55, 481.8pt x 481.8pt>
File: plots/plot_correlation_notes.png Graphic file (type png)

<use plots/plot_correlation_notes.png>
Package pdftex.def Info: plots/plot_correlation_notes.png used on input line 27
9.
(pdftex.def)             Requested size: 227.62228pt x 227.62228pt.

<plots/plot_correlation_notes_2.png, id=56, 481.8pt x 481.8pt>
File: plots/plot_correlation_notes_2.png Graphic file (type png)

<use plots/plot_correlation_notes_2.png>
Package pdftex.def Info: plots/plot_correlation_notes_2.png used on input line 
280.
(pdftex.def)             Requested size: 227.62228pt x 227.62228pt.

Overfull \hbox (2.22267pt too wide) in paragraph at lines 272--295
[] [] 
 []


Underfull \hbox (badness 10000) in paragraph at lines 272--295

 []


Underfull \hbox (badness 10000) in paragraph at lines 272--295

 []


Underfull \hbox (badness 10000) in paragraph at lines 272--295

 []

[7 <./plots/plot_acp_notes.png (PNG copy)> <./plots/plot_correlation_notes.png 
(PNG copy)> <./plots/plot_correlation_notes_2.png (PNG copy)>]
<plots/biplot_acp2_crabs.png, id=62, 481.8pt x 481.8pt>
File: plots/biplot_acp2_crabs.png Graphic file (type png)

<use plots/biplot_acp2_crabs.png>
Package pdftex.def Info: plots/biplot_acp2_crabs.png used on input line 300.
(pdftex.def)             Requested size: 227.62228pt x 227.62228pt.

<plots/plot_acp2_crabs.png, id=63, 481.8pt x 481.8pt>
File: plots/plot_acp2_crabs.png Graphic file (type png)

<use plots/plot_acp2_crabs.png>
Package pdftex.def Info: plots/plot_acp2_crabs.png used on input line 301.
(pdftex.def)             Requested size: 227.62228pt x 227.62228pt.

<plots/biplot_acp3_crabs.png, id=64, 481.8pt x 481.8pt>
File: plots/biplot_acp3_crabs.png Graphic file (type png)

<use plots/biplot_acp3_crabs.png>
Package pdftex.def Info: plots/biplot_acp3_crabs.png used on input line 307.
(pdftex.def)             Requested size: 227.62228pt x 227.62228pt.

<plots/plot_acp3_crabs.png, id=65, 481.8pt x 481.8pt>
File: plots/plot_acp3_crabs.png Graphic file (type png)

<use plots/plot_acp3_crabs.png>
Package pdftex.def Info: plots/plot_acp3_crabs.png used on input line 308.
(pdftex.def)             Requested size: 227.62228pt x 227.62228pt.

Overfull \hbox (2.22267pt too wide) in paragraph at lines 298--308
[] [] 
 []


Underfull \hbox (badness 10000) in paragraph at lines 298--308

 []


Overfull \hbox (2.22267pt too wide) in paragraph at lines 298--308
[] [] 
 []

[8 <./plots/biplot_acp2_crabs.png (PNG copy)> <./plots/plot_acp2_crabs.png> <./
plots/biplot_acp3_crabs.png (PNG copy)> <./plots/plot_acp3_crabs.png>]
<plots/plot_crabs_sp_2.png, id=71, 481.8pt x 481.8pt>
File: plots/plot_crabs_sp_2.png Graphic file (type png)

<use plots/plot_crabs_sp_2.png>
Package pdftex.def Info: plots/plot_crabs_sp_2.png used on input line 311.
(pdftex.def)             Requested size: 227.62228pt x 227.62228pt.

<plots/plot_crabs_sex_2.png, id=72, 481.8pt x 481.8pt>
File: plots/plot_crabs_sex_2.png Graphic file (type png)

<use plots/plot_crabs_sex_2.png>
Package pdftex.def Info: plots/plot_crabs_sex_2.png used on input line 313.
(pdftex.def)             Requested size: 227.62228pt x 227.62228pt.

Underfull \hbox (badness 10000) in paragraph at lines 309--317

 []

[9 <./plots/plot_crabs_sp_2.png (PNG copy)> <./plots/plot_crabs_sex_2.png (PNG 
copy)>] (./tp2.aux) ) 
Here is how much of TeX's memory you used:
 3793 strings out of 493304
 53122 string characters out of 6139871
 132395 words of memory out of 5000000
 7152 multiletter control sequences out of 15000+600000
 14169 words of font info for 56 fonts, out of 8000000 for 9000
 957 hyphenation exceptions out of 8191
 38i,8n,28p,324b,478s stack positions out of 5000i,500n,10000p,200000b,80000s
</usr/share/texlive/texmf-dist/fonts/type1/public/amsfonts
/cm/cmbx10.pfb></usr/share/texlive/texmf-dist/fonts/type1/public/amsfonts/cm/cm
bx12.pfb></usr/share/texlive/texmf-dist/fonts/type1/public/amsfonts/cm/cmbx7.pf
b></usr/share/texlive/texmf-dist/fonts/type1/public/amsfonts/cm/cmbxti10.pfb></
usr/share/texlive/texmf-dist/fonts/type1/public/amsfonts/cm/cmex10.pfb></usr/sh
are/texlive/texmf-dist/fonts/type1/public/amsfonts/cm/cmmi10.pfb></usr/share/te
xlive/texmf-dist/fonts/type1/public/amsfonts/cm/cmmi7.pfb></usr/share/texlive/t
exmf-dist/fonts/type1/public/amsfonts/cm/cmr10.pfb></usr/share/texlive/texmf-di
st/fonts/type1/public/amsfonts/cm/cmr12.pfb></usr/share/texlive/texmf-dist/font
s/type1/public/amsfonts/cm/cmr17.pfb></usr/share/texlive/texmf-dist/fonts/type1
/public/amsfonts/cm/cmr7.pfb></usr/share/texlive/texmf-dist/fonts/type1/public/
amsfonts/cm/cmsl10.pfb></usr/share/texlive/texmf-dist/fonts/type1/public/amsfon
ts/cm/cmsy10.pfb></usr/share/texlive/texmf-dist/fonts/type1/public/amsfonts/cm/
cmsy7.pfb></usr/share/texlive/texmf-dist/fonts/type1/public/amsfonts/cm/cmti10.
pfb>
Output written on tp2.pdf (9 pages, 885630 bytes).
PDF statistics:
 124 PDF objects out of 1000 (max. 8388607)
 67 compressed objects within 1 object stream
 0 named destinations out of 1000 (max. 500000)
 136 words of extra memory for PDF output out of 10000 (max. 10000000)

